Added Component: Designator=P1(IDE15X2_2.54)
Add component (AddParameter): Name = "LatestRevisionDate"; Value = "17-Jul-2002"; VariantName = "[No Variations]"
Add component (AddParameter): Name = "LatestRevisionNote"; Value = "Re-released for DXP Platform."; VariantName = "[No Variations]"
Add component (AddParameter): Name = "Publisher"; Value = "Altium Limited"; VariantName = "[No Variations]"
Added Component: Designator=P2(IDE15X2_2.54)
Add component (AddParameter): Name = "LatestRevisionDate"; Value = "17-Jul-2002"; VariantName = "[No Variations]"
Add component (AddParameter): Name = "LatestRevisionNote"; Value = "Re-released for DXP Platform."; VariantName = "[No Variations]"
Add component (AddParameter): Name = "Publisher"; Value = "Altium Limited"; VariantName = "[No Variations]"
Added Component: Designator=P3(HDR2X20)
Add component (AddParameter): Name = "LatestRevisionDate"; Value = "17-Jul-2002"; VariantName = "[No Variations]"
Add component (AddParameter): Name = "LatestRevisionNote"; Value = "Re-released for DXP Platform."; VariantName = "[No Variations]"
Add component (AddParameter): Name = "Publisher"; Value = "Altium Limited"; VariantName = "[No Variations]"
Added Component: Designator=P4(HDR1X3)
Add component (AddParameter): Name = "LatestRevisionDate"; Value = "17-Jul-2002"; VariantName = "[No Variations]"
Add component (AddParameter): Name = "LatestRevisionNote"; Value = "Re-released for DXP Platform."; VariantName = "[No Variations]"
Add component (AddParameter): Name = "Publisher"; Value = "Altium Limited"; VariantName = "[No Variations]"
Added Component: Designator=P5(HDR1X3)
Add component (AddParameter): Name = "LatestRevisionDate"; Value = "17-Jul-2002"; VariantName = "[No Variations]"
Add component (AddParameter): Name = "LatestRevisionNote"; Value = "Re-released for DXP Platform."; VariantName = "[No Variations]"
Add component (AddParameter): Name = "Publisher"; Value = "Altium Limited"; VariantName = "[No Variations]"
Added Component: Designator=P6(HDR1X3)
Add component (AddParameter): Name = "LatestRevisionDate"; Value = "17-Jul-2002"; VariantName = "[No Variations]"
Add component (AddParameter): Name = "LatestRevisionNote"; Value = "Re-released for DXP Platform."; VariantName = "[No Variations]"
Add component (AddParameter): Name = "Publisher"; Value = "Altium Limited"; VariantName = "[No Variations]"
Added Component: Designator=P7(HDR1X3)
Add component (AddParameter): Name = "LatestRevisionDate"; Value = "17-Jul-2002"; VariantName = "[No Variations]"
Add component (AddParameter): Name = "LatestRevisionNote"; Value = "Re-released for DXP Platform."; VariantName = "[No Variations]"
Add component (AddParameter): Name = "Publisher"; Value = "Altium Limited"; VariantName = "[No Variations]"
Added Component: Designator=P8(IDE15X2_2.54)
Add component (AddParameter): Name = "LatestRevisionDate"; Value = "17-Jul-2002"; VariantName = "[No Variations]"
Add component (AddParameter): Name = "LatestRevisionNote"; Value = "Re-released for DXP Platform."; VariantName = "[No Variations]"
Add component (AddParameter): Name = "Publisher"; Value = "Altium Limited"; VariantName = "[No Variations]"
Added Component: Designator=P9(HDR1X4)
Add component (AddParameter): Name = "LatestRevisionDate"; Value = "17-Jul-2002"; VariantName = "[No Variations]"
Add component (AddParameter): Name = "LatestRevisionNote"; Value = "Re-released for DXP Platform."; VariantName = "[No Variations]"
Add component (AddParameter): Name = "Publisher"; Value = "Altium Limited"; VariantName = "[No Variations]"
Added Component: Designator=P10(IDE15X2_2.54)
Add component (AddParameter): Name = "LatestRevisionDate"; Value = "17-Jul-2002"; VariantName = "[No Variations]"
Add component (AddParameter): Name = "LatestRevisionNote"; Value = "Re-released for DXP Platform."; VariantName = "[No Variations]"
Add component (AddParameter): Name = "Publisher"; Value = "Altium Limited"; VariantName = "[No Variations]"
Added Pin To Net: NetName=3V3 Pin=P2-1
Added Pin To Net: NetName=3V3 Pin=P2-2
Added Pin To Net: NetName=3V3 Pin=P2-3
Added Pin To Net: NetName=3V3 Pin=P2-4
Added Pin To Net: NetName=3V3 Pin=P2-30
Added Pin To Net: NetName=3V3 Pin=P3-5
Added Pin To Net: NetName=3V3 Pin=P3-24
Added Pin To Net: NetName=3V3 Pin=P3-25
Added Pin To Net: NetName=3V3 Pin=P4-1
Added Pin To Net: NetName=3V3 Pin=P5-3
Added Pin To Net: NetName=3V3 Pin=P6-1
Added Pin To Net: NetName=3V3 Pin=P7-3
Added Pin To Net: NetName=3V3 Pin=P8-1
Added Pin To Net: NetName=3V3 Pin=P8-2
Added Pin To Net: NetName=3V3 Pin=P10-27
Added Pin To Net: NetName=3V3 Pin=P10-28
Added Net: Name=3V3
Added Pin To Net: NetName=5V Pin=P1-1
Added Pin To Net: NetName=5V Pin=P1-2
Added Pin To Net: NetName=5V Pin=P3-28
Added Pin To Net: NetName=5V Pin=P4-3
Added Pin To Net: NetName=5V Pin=P5-1
Added Pin To Net: NetName=5V Pin=P6-3
Added Pin To Net: NetName=5V Pin=P7-1
Added Pin To Net: NetName=5V Pin=P8-27
Added Pin To Net: NetName=5V Pin=P8-28
Added Pin To Net: NetName=5V Pin=P9-1
Added Pin To Net: NetName=5V Pin=P10-1
Added Pin To Net: NetName=5V Pin=P10-2
Added Net: Name=5V
Added Pin To Net: NetName=GND Pin=P1-3
Added Pin To Net: NetName=GND Pin=P1-4
Added Pin To Net: NetName=GND Pin=P1-5
Added Pin To Net: NetName=GND Pin=P2-5
Added Pin To Net: NetName=GND Pin=P2-6
Added Pin To Net: NetName=GND Pin=P2-29
Added Pin To Net: NetName=GND Pin=P3-22
Added Pin To Net: NetName=GND Pin=P3-26
Added Pin To Net: NetName=GND Pin=P3-27
Added Pin To Net: NetName=GND Pin=P4-2
Added Pin To Net: NetName=GND Pin=P5-2
Added Pin To Net: NetName=GND Pin=P6-2
Added Pin To Net: NetName=GND Pin=P7-2
Added Pin To Net: NetName=GND Pin=P8-25
Added Pin To Net: NetName=GND Pin=P8-26
Added Pin To Net: NetName=GND Pin=P8-29
Added Pin To Net: NetName=GND Pin=P8-30
Added Pin To Net: NetName=GND Pin=P9-2
Added Pin To Net: NetName=GND Pin=P10-29
Added Pin To Net: NetName=GND Pin=P10-30
Added Net: Name=GND
Added Pin To Net: NetName=PA0 Pin=P2-21
Added Pin To Net: NetName=PA0 Pin=P8-17
Added Net: Name=PA0
Added Pin To Net: NetName=PA1 Pin=P2-20
Added Pin To Net: NetName=PA1 Pin=P8-16
Added Net: Name=PA1
Added Pin To Net: NetName=PA2 Pin=P2-19
Added Pin To Net: NetName=PA2 Pin=P8-15
Added Net: Name=PA2
Added Pin To Net: NetName=PA3 Pin=P2-18
Added Pin To Net: NetName=PA3 Pin=P8-14
Added Net: Name=PA3
Added Pin To Net: NetName=PA4 Pin=P2-17
Added Pin To Net: NetName=PA4 Pin=P8-13
Added Net: Name=PA4
Added Pin To Net: NetName=PA5 Pin=P2-16
Added Pin To Net: NetName=PA5 Pin=P8-12
Added Net: Name=PA5
Added Pin To Net: NetName=PA6 Pin=P2-15
Added Pin To Net: NetName=PA6 Pin=P8-11
Added Net: Name=PA6
Added Pin To Net: NetName=PA7 Pin=P2-14
Added Pin To Net: NetName=PA7 Pin=P8-10
Added Net: Name=PA7
Added Pin To Net: NetName=PA8 Pin=P1-13
Added Pin To Net: NetName=PA8 Pin=P10-9
Added Net: Name=PA8
Added Pin To Net: NetName=PA9 Pin=P1-16
Added Pin To Net: NetName=PA9 Pin=P10-12
Added Net: Name=PA9
Added Pin To Net: NetName=PA10 Pin=P1-15
Added Pin To Net: NetName=PA10 Pin=P10-11
Added Net: Name=PA10
Added Pin To Net: NetName=PA11 Pin=P1-18
Added Pin To Net: NetName=PA11 Pin=P10-14
Added Net: Name=PA11
Added Pin To Net: NetName=PA12 Pin=P1-17
Added Pin To Net: NetName=PA12 Pin=P10-13
Added Net: Name=PA12
Added Pin To Net: NetName=PA15 Pin=P1-20
Added Pin To Net: NetName=PA15 Pin=P10-16
Added Net: Name=PA15
Added Pin To Net: NetName=PB0 Pin=P2-11
Added Pin To Net: NetName=PB0 Pin=P3-6
Added Pin To Net: NetName=PB0 Pin=P8-7
Added Net: Name=PB0
Added Pin To Net: NetName=PB1 Pin=P2-10
Added Pin To Net: NetName=PB1 Pin=P3-7
Added Pin To Net: NetName=PB1 Pin=P8-6
Added Net: Name=PB1
Added Pin To Net: NetName=PB2 Pin=P2-9
Added Pin To Net: NetName=PB2 Pin=P3-8
Added Pin To Net: NetName=PB2 Pin=P8-5
Added Net: Name=PB2
Added Pin To Net: NetName=PB3 Pin=P1-23
Added Pin To Net: NetName=PB3 Pin=P3-9
Added Pin To Net: NetName=PB3 Pin=P10-19
Added Net: Name=PB3
Added Pin To Net: NetName=PB4 Pin=P1-26
Added Pin To Net: NetName=PB4 Pin=P3-10
Added Pin To Net: NetName=PB4 Pin=P10-22
Added Net: Name=PB4
Added Pin To Net: NetName=PB5 Pin=P1-25
Added Pin To Net: NetName=PB5 Pin=P3-11
Added Pin To Net: NetName=PB5 Pin=P10-21
Added Net: Name=PB5
Added Pin To Net: NetName=PB6 Pin=P1-28
Added Pin To Net: NetName=PB6 Pin=P3-12
Added Pin To Net: NetName=PB6 Pin=P10-24
Added Net: Name=PB6
Added Pin To Net: NetName=PB7 Pin=P1-27
Added Pin To Net: NetName=PB7 Pin=P3-13
Added Pin To Net: NetName=PB7 Pin=P10-23
Added Net: Name=PB7
Added Pin To Net: NetName=PB8 Pin=P1-30
Added Pin To Net: NetName=PB8 Pin=P3-14
Added Pin To Net: NetName=PB8 Pin=P10-26
Added Net: Name=PB8
Added Pin To Net: NetName=PB9 Pin=P1-29
Added Pin To Net: NetName=PB9 Pin=P3-15
Added Pin To Net: NetName=PB9 Pin=P10-25
Added Net: Name=PB9
Added Pin To Net: NetName=PB10 Pin=P2-7
Added Pin To Net: NetName=PB10 Pin=P3-16
Added Pin To Net: NetName=PB10 Pin=P8-3
Added Net: Name=PB10
Added Pin To Net: NetName=PB11 Pin=P2-8
Added Pin To Net: NetName=PB11 Pin=P3-17
Added Pin To Net: NetName=PB11 Pin=P8-4
Added Net: Name=PB11
Added Pin To Net: NetName=PB12 Pin=P1-6
Added Pin To Net: NetName=PB12 Pin=P3-18
Added Pin To Net: NetName=PB12 Pin=P10-4
Added Net: Name=PB12
Added Pin To Net: NetName=PB13 Pin=P1-8
Added Pin To Net: NetName=PB13 Pin=P3-19
Added Pin To Net: NetName=PB13 Pin=P10-6
Added Net: Name=PB13
Added Pin To Net: NetName=PB14 Pin=P1-7
Added Pin To Net: NetName=PB14 Pin=P3-20
Added Pin To Net: NetName=PB14 Pin=P10-3
Added Net: Name=PB14
Added Pin To Net: NetName=PB15 Pin=P1-10
Added Pin To Net: NetName=PB15 Pin=P3-21
Added Net: Name=PB15
Added Pin To Net: NetName=PC0 Pin=P2-25
Added Pin To Net: NetName=PC0 Pin=P3-34
Added Pin To Net: NetName=PC0 Pin=P8-23
Added Net: Name=PC0
Added Pin To Net: NetName=PC1 Pin=P2-24
Added Pin To Net: NetName=PC1 Pin=P3-31
Added Pin To Net: NetName=PC1 Pin=P8-20
Added Net: Name=PC1
Added Pin To Net: NetName=PC2 Pin=P2-23
Added Pin To Net: NetName=PC2 Pin=P3-29
Added Pin To Net: NetName=PC2 Pin=P8-19
Added Net: Name=PC2
Added Pin To Net: NetName=PC3 Pin=P2-22
Added Pin To Net: NetName=PC3 Pin=P3-30
Added Pin To Net: NetName=PC3 Pin=P8-18
Added Net: Name=PC3
Added Pin To Net: NetName=PC4 Pin=P2-13
Added Pin To Net: NetName=PC4 Pin=P8-9
Added Net: Name=PC4
Added Pin To Net: NetName=PC5 Pin=P2-12
Added Pin To Net: NetName=PC5 Pin=P8-8
Added Net: Name=PC5
Added Pin To Net: NetName=PC6 Pin=P1-9
Added Pin To Net: NetName=PC6 Pin=P3-4
Added Pin To Net: NetName=PC6 Pin=P10-5
Added Net: Name=PC6
Added Pin To Net: NetName=PC7 Pin=P1-12
Added Pin To Net: NetName=PC7 Pin=P3-3
Added Pin To Net: NetName=PC7 Pin=P10-8
Added Net: Name=PC7
Added Pin To Net: NetName=PC8 Pin=P1-11
Added Pin To Net: NetName=PC8 Pin=P3-2
Added Pin To Net: NetName=PC8 Pin=P10-7
Added Net: Name=PC8
Added Pin To Net: NetName=PC9 Pin=P1-14
Added Pin To Net: NetName=PC9 Pin=P3-1
Added Pin To Net: NetName=PC9 Pin=P10-10
Added Net: Name=PC9
Added Pin To Net: NetName=PC10 Pin=P1-19
Added Pin To Net: NetName=PC10 Pin=P3-23
Added Pin To Net: NetName=PC10 Pin=P10-15
Added Net: Name=PC10
Added Pin To Net: NetName=PC11 Pin=P1-22
Added Pin To Net: NetName=PC11 Pin=P9-4
Added Pin To Net: NetName=PC11 Pin=P10-18
Added Net: Name=PC11
Added Pin To Net: NetName=PC12 Pin=P1-21
Added Pin To Net: NetName=PC12 Pin=P9-3
Added Pin To Net: NetName=PC12 Pin=P10-17
Added Net: Name=PC12
Added Pin To Net: NetName=PC13 Pin=P2-28
Added Pin To Net: NetName=PC13 Pin=P3-33
Added Pin To Net: NetName=PC13 Pin=P8-24
Added Net: Name=PC13
Added Pin To Net: NetName=PC14 Pin=P2-27
Added Pin To Net: NetName=PC14 Pin=P8-21
Added Net: Name=PC14
Added Pin To Net: NetName=PC15 Pin=P2-26
Added Pin To Net: NetName=PC15 Pin=P8-22
Added Net: Name=PC15
Added Pin To Net: NetName=PD2 Pin=P1-24
Added Pin To Net: NetName=PD2 Pin=P10-20
Added Net: Name=PD2
Added Class: Name=Sheet1
Added Room: Name=Sheet1
